<?xml version="1.0" encoding="UTF-8"?>
<!-- Generated by org.testng.reporters.JUnitXMLReporter -->
<testsuite hostname="DESKTOP-15MQ1MA" ignored="0" name="Command line test" tests="7" failures="0" timestamp="20 May 2020 06:31:12 GMT" time="98.243" errors="0">
  <testcase name="func1" time="58.223" classname="Automation_tutorial.Test1"/>
  <testcase name="func3" time="0.002" classname="com.expedia.cli.Test2"/>
  <testcase name="func1" time="0.0" classname="com.expedia.cli.Test3"/>
  <testcase name="func2" time="0.0" classname="com.expedia.cli.Test3"/>
  <testcase name="func3" time="0.0" classname="com.expedia.cli.Test3"/>
  <testcase name="func2" time="0.0" classname="com.expedia.cli.Test2"/>
  <testcase name="func1" time="0.0" classname="com.expedia.cli.Test2"/>
</testsuite> <!-- Command line test -->
