<?xml version="1.0" encoding="UTF-8"?>
<testng-results skipped="0" failed="0" ignored="0" total="3" passed="3">
  <reporter-output>
  </reporter-output>
  <suite name="Regression TestSuite" duration-ms="99" started-at="2020-05-21T06:42:50Z" finished-at="2020-05-21T06:42:51Z">
    <groups>
      <group name="cars">
        <method signature="Test3.func1()[pri:0, instance:com.expedia.cli.Test3@783e6358]" name="func1" class="com.expedia.cli.Test3"/>
        <method signature="Test3.func2()[pri:0, instance:com.expedia.cli.Test3@783e6358]" name="func2" class="com.expedia.cli.Test3"/>
      </group> <!-- cars -->
      <group name="suv">
        <method signature="Test3.func1()[pri:0, instance:com.expedia.cli.Test3@783e6358]" name="func1" class="com.expedia.cli.Test3"/>
      </group> <!-- suv -->
      <group name="sedan">
        <method signature="Test3.func2()[pri:0, instance:com.expedia.cli.Test3@783e6358]" name="func2" class="com.expedia.cli.Test3"/>
      </group> <!-- sedan -->
      <group name="bike">
        <method signature="Test3.func3()[pri:0, instance:com.expedia.cli.Test3@783e6358]" name="func3" class="com.expedia.cli.Test3"/>
      </group> <!-- bike -->
    </groups>
    <test name="GroupingDemo Test 1" duration-ms="99" started-at="2020-05-21T06:42:50Z" finished-at="2020-05-21T06:42:51Z">
      <class name="com.expedia.cli.Test3">
        <test-method status="PASS" signature="setUp()[pri:0, instance:com.expedia.cli.Test3@783e6358]" name="setUp" is-config="true" duration-ms="62" started-at="2020-05-21T12:12:50Z" finished-at="2020-05-21T12:12:51Z">
          <reporter-output>
          </reporter-output>
        </test-method> <!-- setUp -->
        <test-method status="PASS" signature="func1()[pri:0, instance:com.expedia.cli.Test3@783e6358]" name="func1" duration-ms="1" started-at="2020-05-21T12:12:51Z" finished-at="2020-05-21T12:12:51Z">
          <reporter-output>
          </reporter-output>
        </test-method> <!-- func1 -->
        <test-method status="PASS" signature="func2()[pri:0, instance:com.expedia.cli.Test3@783e6358]" name="func2" duration-ms="0" started-at="2020-05-21T12:12:51Z" finished-at="2020-05-21T12:12:51Z">
          <reporter-output>
          </reporter-output>
        </test-method> <!-- func2 -->
        <test-method status="PASS" signature="func3()[pri:0, instance:com.expedia.cli.Test3@783e6358]" name="func3" duration-ms="1" started-at="2020-05-21T12:12:51Z" finished-at="2020-05-21T12:12:51Z">
          <reporter-output>
          </reporter-output>
        </test-method> <!-- func3 -->
        <test-method status="PASS" signature="cleanUp()[pri:0, instance:com.expedia.cli.Test3@783e6358]" name="cleanUp" is-config="true" duration-ms="1" started-at="2020-05-21T12:12:51Z" finished-at="2020-05-21T12:12:51Z">
          <reporter-output>
          </reporter-output>
        </test-method> <!-- cleanUp -->
      </class> <!-- com.expedia.cli.Test3 -->
    </test> <!-- GroupingDemo Test 1 -->
  </suite> <!-- Regression TestSuite -->
</testng-results>
