<?xml version="1.0" encoding="UTF-8"?>
<!-- Generated by org.testng.reporters.JUnitXMLReporter -->
<testsuite hostname="DESKTOP-15MQ1MA" ignored="0" name="GroupingDemo Test 1" tests="3" failures="0" timestamp="21 May 2020 06:42:51 GMT" time="0.099" errors="0">
  <testcase name="func1" time="0.001" classname="com.expedia.cli.Test3"/>
  <testcase name="func2" time="0.0" classname="com.expedia.cli.Test3"/>
  <testcase name="func3" time="0.001" classname="com.expedia.cli.Test3"/>
</testsuite> <!-- GroupingDemo Test 1 -->
